<?xml version="1.0" encoding="UTF-8"?>
<!-- Generated by org.testng.reporters.JUnitReportReporter -->
<testsuite skipped="0" hostname="DESKTOP-NAHRMQO" name="com.pagefactory.ntrp.TC_verfiyLoginPage" tests="1" failures="0" timestamp="2021-02-13T20:50:46 IST" time="18.790" errors="0">
  <testcase name="Verifylogi" time="18.790" classname="com.pagefactory.ntrp.TC_verfiyLoginPage"/>
  <system-out/>
</testsuite> <!-- com.pagefactory.ntrp.TC_verfiyLoginPage -->
