<?xml version="1.0" encoding="UTF-8"?>
<!-- Generated by org.testng.reporters.JUnitReportReporter -->
<testsuite hostname="LAPTOP-O1N565BA" failures="0" tests="1" name="com.pfms.nonreguser.ReadExcel" time="10.979" errors="0" timestamp="2020-12-19T16:47:35 IST" skipped="0">
  <testcase classname="com.pfms.nonreguser.ReadExcel" name="payment" time="10.979"/>
  <system-out/>
</testsuite> <!-- com.pfms.nonreguser.ReadExcel -->
