<?xml version="1.0" encoding="UTF-8"?>
<!-- Generated by org.testng.reporters.JUnitReportReporter -->
<testsuite hostname="LAPTOP-O1N565BA" failures="0" tests="1" name="com.pfms.nonreguser.WebTablePagination" time="60.143" errors="0" timestamp="2021-01-07T12:48:04 IST" skipped="0">
  <testcase classname="com.pfms.nonreguser.WebTablePagination" name="WebTable" time="60.143"/>
  <system-out/>
</testsuite> <!-- com.pfms.nonreguser.WebTablePagination -->
