<?xml version="1.0" encoding="UTF-8"?>
<!-- Generated by org.testng.reporters.JUnitReportReporter -->
<testsuite hostname="LAPTOP-O1N565BA" failures="0" tests="1" name="com.pfms.nonreguser.ExampleDynamic" time="4.554" errors="0" timestamp="2020-12-20T20:56:00 IST" skipped="0">
  <testcase classname="com.pfms.nonreguser.ExampleDynamic" name="test" time="4.554"/>
  <system-out/>
</testsuite> <!-- com.pfms.nonreguser.ExampleDynamic -->
