<?xml version="1.0" encoding="UTF-8"?>
<!-- Generated by org.testng.reporters.JUnitReportReporter -->
<testsuite hostname="LAPTOP-O1N565BA" failures="0" tests="4" name="com.pfms.nonreguser.LoginPayment" time="26.780" errors="0" timestamp="2021-01-06T16:29:07 IST" skipped="0">
  <testcase classname="com.pfms.nonreguser.LoginPayment" name="LoginUser" time="8.581"/>
  <system-out/>
  <testcase classname="com.pfms.nonreguser.LoginPayment" name="Paymentpurpose" time="7.665"/>
  <system-out/>
  <testcase classname="com.pfms.nonreguser.LoginPayment" name="depositor" time="4.165"/>
  <system-out/>
  <testcase classname="com.pfms.nonreguser.LoginPayment" name="ConfirmPayment" time="6.369"/>
  <system-out/>
</testsuite> <!-- com.pfms.nonreguser.LoginPayment -->
