<?xml version="1.0" encoding="UTF-8"?>
<!-- Generated by org.testng.reporters.JUnitReportReporter -->
<testsuite hostname="LAPTOP-O1N565BA" failures="0" tests="3" name="com.pfms.nonreguser.LoginPaymentExcel" time="21.233" errors="0" timestamp="2021-01-06T16:37:17 IST" skipped="0">
  <testcase classname="com.pfms.nonreguser.LoginPaymentExcel" name="LoginUser" time="9.206"/>
  <system-out/>
  <testcase classname="com.pfms.nonreguser.LoginPaymentExcel" name="depositordetail" time="5.032"/>
  <system-out/>
  <testcase classname="com.pfms.nonreguser.LoginPaymentExcel" name="Paymentprocess" time="6.995"/>
  <system-out/>
</testsuite> <!-- com.pfms.nonreguser.LoginPaymentExcel -->
